\BOOKMARK [1][]{section.1}{Indicial Notation}{}% 1
\BOOKMARK [1][]{section.2}{Linear Elastic Mechanics}{}% 2
\BOOKMARK [2][]{subsection.2.1}{Equilibrium}{section.2}% 3
\BOOKMARK [2][]{subsection.2.2}{Kinematics}{section.2}% 4
\BOOKMARK [2][]{subsection.2.3}{Constitutive Relation}{section.2}% 5
\BOOKMARK [2][]{subsection.2.4}{Weak Form}{section.2}% 6
\BOOKMARK [2][]{subsection.2.5}{Finite Element Approximation}{section.2}% 7
\BOOKMARK [2][]{subsection.2.6}{Isoparametric Formulation}{section.2}% 8
\BOOKMARK [3][]{subsubsection.2.6.1}{Mapping Function}{subsection.2.6}% 9
\BOOKMARK [3][]{subsubsection.2.6.2}{Shape Function's Gradient}{subsection.2.6}% 10
\BOOKMARK [3][]{subsubsection.2.6.3}{Jacobian}{subsection.2.6}% 11
\BOOKMARK [3][]{subsubsection.2.6.4}{Line Integral Jacobian}{subsection.2.6}% 12
\BOOKMARK [2][]{subsection.2.7}{Approximate Solution on the Weak Form}{section.2}% 13
\BOOKMARK [3][]{subsubsection.2.7.1}{Stiffness Matrix Integral}{subsection.2.7}% 14
\BOOKMARK [3][]{subsubsection.2.7.2}{Load Vector Integral}{subsection.2.7}% 15
\BOOKMARK [3][]{subsubsection.2.7.3}{Traction Vector Integral}{subsection.2.7}% 16
\BOOKMARK [1][]{section.3}{Implementation}{}% 17
\BOOKMARK [2][]{subsection.3.1}{Mesh Generation}{section.3}% 18
\BOOKMARK [3][]{subsubsection.3.1.1}{Gmsh}{subsection.3.1}% 19
\BOOKMARK [3][]{subsubsection.3.1.2}{Module}{subsection.3.1}% 20
\BOOKMARK [3][]{subsubsection.3.1.3}{Methods}{subsection.3.1}% 21
\BOOKMARK [2][]{subsection.3.2}{Gaussian Quadrature}{section.3}% 22
\BOOKMARK [2][]{subsection.3.3}{Stiffness Matrix}{section.3}% 23
\BOOKMARK [3][]{subsubsection.3.3.1}{Strain-Displacement in Matrix Form}{subsection.3.3}% 24
\BOOKMARK [3][]{subsubsection.3.3.2}{Stress-Strain in Matrix Form}{subsection.3.3}% 25
\BOOKMARK [3][]{subsubsection.3.3.3}{Approximate Solution in Matrix Form}{subsection.3.3}% 26
\BOOKMARK [3][]{subsubsection.3.3.4}{Shape Function's Gradient}{subsection.3.3}% 27
\BOOKMARK [3][]{subsubsection.3.3.5}{Build}{subsection.3.3}% 28
\BOOKMARK [2][]{subsection.3.4}{Load Vector}{section.3}% 29
\BOOKMARK [2][]{subsection.3.5}{Traction Vector}{section.3}% 30
\BOOKMARK [1][]{section.4}{Results for Displacement Field}{}% 31
\BOOKMARK [1][]{section.5}{Stress Recovery}{}% 32
\BOOKMARK [2][]{subsection.5.1}{From Displacements}{section.5}% 33
\BOOKMARK [2][]{subsection.5.2}{48 Elements}{section.5}% 34
\BOOKMARK [2][]{subsection.5.3}{2028 Elements}{section.5}% 35
\BOOKMARK [2][]{subsection.5.4}{2028 Elements - Interpolation from Gauss Points}{section.5}% 36
\BOOKMARK [2][]{subsection.5.5}{Gauss x Regular}{section.5}% 37
