\BOOKMARK [1][]{section.1}{Heat Equation}{}% 1
\BOOKMARK [2][]{subsection.1.1}{Fourier's Law}{section.1}% 2
\BOOKMARK [2][]{subsection.1.2}{Newton's Law of Cooling}{section.1}% 3
\BOOKMARK [2][]{subsection.1.3}{Conservation of Energy}{section.1}% 4
\BOOKMARK [1][]{section.2}{Steady Heat Equation}{}% 5
\BOOKMARK [2][]{subsection.2.1}{Model}{section.2}% 6
\BOOKMARK [2][]{subsection.2.2}{Weak Form}{section.2}% 7
\BOOKMARK [3][]{subsubsection.2.2.1}{Green's Theorem}{subsection.2.2}% 8
\BOOKMARK [2][]{subsection.2.3}{Finite Elements Approximation}{section.2}% 9
\BOOKMARK [3][]{subsubsection.2.3.1}{Shape Functions}{subsection.2.3}% 10
\BOOKMARK [2][]{subsection.2.4}{Approximate Solution on the Weak Form}{section.2}% 11
\BOOKMARK [1][]{section.3}{Transient Heat Equation}{}% 12
\BOOKMARK [2][]{subsection.3.1}{Partial Differential Equation}{section.3}% 13
\BOOKMARK [2][]{subsection.3.2}{Weak Form}{section.3}% 14
\BOOKMARK [2][]{subsection.3.3}{Finite Elements Approximation}{section.3}% 15
\BOOKMARK [2][]{subsection.3.4}{Approximate Solution on the Weak Form}{section.3}% 16
\BOOKMARK [2][]{subsection.3.5}{Time Discretization with Finite Differences}{section.3}% 17
\BOOKMARK [1][]{section.4}{Implementation}{}% 18
\BOOKMARK [2][]{subsection.4.1}{Preliminaries}{section.4}% 19
\BOOKMARK [3][]{subsubsection.4.1.1}{Mapping}{subsection.4.1}% 20
\BOOKMARK [3][]{subsubsection.4.1.2}{Jacobian}{subsection.4.1}% 21
\BOOKMARK [3][]{subsubsection.4.1.3}{Gaussian Quadrature}{subsection.4.1}% 22
\BOOKMARK [2][]{subsection.4.2}{Mesh Generation}{section.4}% 23
\BOOKMARK [3][]{subsubsection.4.2.1}{Gmsh}{subsection.4.2}% 24
\BOOKMARK [3][]{subsubsection.4.2.2}{Module}{subsection.4.2}% 25
\BOOKMARK [3][]{subsubsection.4.2.3}{Methods}{subsection.4.2}% 26
\BOOKMARK [2][]{subsection.4.3}{Stiffness Matrix}{section.4}% 27
\BOOKMARK [2][]{subsection.4.4}{Load Vector}{section.4}% 28
\BOOKMARK [2][]{subsection.4.5}{Traction Vector}{section.4}% 29
\BOOKMARK [2][]{subsection.4.6}{Mass Matrix}{section.4}% 30
\BOOKMARK [2][]{subsection.4.7}{Boundary Conditions}{section.4}% 31
\BOOKMARK [1][]{section.5}{Results}{}% 32
\BOOKMARK [2][]{subsection.5.1}{Dirichlet Conditions}{section.5}% 33
\BOOKMARK [2][]{subsection.5.2}{Internal Load}{section.5}% 34
\BOOKMARK [2][]{subsection.5.3}{Neumann Boundary Condition}{section.5}% 35
\BOOKMARK [2][]{subsection.5.4}{General materials}{section.5}% 36
\BOOKMARK [2][]{subsection.5.5}{General Geometry}{section.5}% 37
\BOOKMARK [2][]{subsection.5.6}{Dam Examples}{section.5}% 38
\BOOKMARK [2][]{subsection.5.7}{General Tests}{section.5}% 39
\BOOKMARK [2][]{subsection.5.8}{Dam with non-convex Geometry}{section.5}% 40
